{"name": "Проверка появления номера нового заказа в разделе В работе", "status": "broken", "statusDetails": {"message": "selenium.common.exceptions.TimeoutException: Message:", "trace": "self = <tests.test_orders_line.TestOrdersLine object at 0x00000186E5DA0C20>\ndriver = (<selenium.webdriver.firefox.webdriver.WebDriver (session=\"ceea9168-45d0-49fe-b970-2c0c4d982c97\")>, 'firefox'), use_token = None\n\n    @allure.title('Проверка появления номера нового заказа в разделе В работе')\n    def test_new_orders_number_appears_in_section_in_work(self, driver, use_token):\n        driver_instance, driver_name = driver\n        main_page = MainPageMethods(driver_instance)\n        orders_line = OrdersLineMethods(driver_instance)\n        main_page.click_log_in_button(driver_name)\n        main_page.add_ingredient_to_basket()\n        main_page.click_make_order_button()\n>       new_order = main_page.get_orders_number_from_confirmation_window()\n\ntests\\test_orders_line.py:74: \n_ _ _ _ _ _ _ _ _ _ _ _ _ _ _ _ _ _ _ _ _ _ _ _ _ _ _ _ _ _ _ _ _ _ _ _ _ _ _ _ _ _ _ _ _ _ _ _ _ _ _ _ _ _ _ _ _ _ _ _ _ _ _ _ _ _ _ _ _ _ _ _ _ _ _ _ _ _ _\npages\\main_page_methods.py:69: in get_orders_number_from_confirmation_window\n    self.wait_for_element_to_change_text(MainPage.ORDERS_NUMBER_IN_CONFIRMATION_WINDOW, '9999')\npages\\base_page_methods.py:47: in wait_for_element_to_change_text\n    return WebDriverWait(self.driver, 120).until_not(EC.text_to_be_present_in_element(locator, value))\n_ _ _ _ _ _ _ _ _ _ _ _ _ _ _ _ _ _ _ _ _ _ _ _ _ _ _ _ _ _ _ _ _ _ _ _ _ _ _ _ _ _ _ _ _ _ _ _ _ _ _ _ _ _ _ _ _ _ _ _ _ _ _ _ _ _ _ _ _ _ _ _ _ _ _ _ _ _ _\n\nself = <selenium.webdriver.support.wait.WebDriverWait (session=\"ceea9168-45d0-49fe-b970-2c0c4d982c97\")>\nmethod = <function text_to_be_present_in_element.<locals>._predicate at 0x00000186E62840E0>, message = ''\n\n    def until_not(self, method: Callable[[D], T], message: str = \"\") -> Union[T, Literal[True]]:\n        \"\"\"Wait until the method returns a value that is not False.\n    \n        Calls the method provided with the driver as an argument until the\n        return value does not evaluate to ``False``.\n    \n        Parameters:\n        ----------\n        method: callable(WebDriver)\n            - A callable object that takes a WebDriver instance as an argument.\n    \n        message: str\n            - Optional message for :exc:`TimeoutException`\n    \n        Return:\n        -------\n        object: T\n            - The result of the last call to `method`\n    \n        Raises:\n        -------\n        TimeoutException\n            - If 'method' does not return False within the WebDriverWait\n            object's timeout\n    \n        Example:\n        --------\n        >>> from selenium.webdriver.common.by import By\n        >>> from selenium.webdriver.support.ui import WebDriverWait\n        >>> from selenium.webdriver.support import expected_conditions as EC\n    \n        # Wait until an element is visible on the page\n        >>> wait = WebDriverWait(driver, 10)\n        >>> is_disappeared = wait.until_not(EC.visibility_of_element_located(\n        ... (By.ID, \"exampleId\")))\n        \"\"\"\n        end_time = time.monotonic() + self._timeout\n        while True:\n            try:\n                value = method(self._driver)\n                if not value:\n                    return value\n            except self._ignored_exceptions:\n                return True\n            if time.monotonic() > end_time:\n                break\n            time.sleep(self._poll)\n>       raise TimeoutException(message)\nE       selenium.common.exceptions.TimeoutException: Message:\n\n.venv\\Lib\\site-packages\\selenium\\webdriver\\support\\wait.py:195: TimeoutException"}, "steps": [{"name": "Клик на кнопку Войти в аккаунт", "status": "passed", "steps": [{"name": "Клик на элемент", "status": "passed", "parameters": [{"name": "locator", "value": "['xpath', '//button[text()=\"Войти в аккаунт\"]']"}], "start": 1737863630263, "stop": 1737863635489}], "parameters": [{"name": "driver_name", "value": "'firefox'"}], "start": 1737863630263, "stop": 1737863635489}, {"name": "Добавление ингредиента в корзину", "status": "passed", "steps": [{"name": "Передвинуть элемент", "status": "passed", "steps": [{"name": "Поиск элемента", "status": "passed", "parameters": [{"name": "locator", "value": "['xpath', './/*[@alt=\"Флюоресцентная булка R2-D3\"]']"}], "start": 1737863635490, "stop": 1737863635791}, {"name": "Поиск элемента", "status": "passed", "parameters": [{"name": "locator", "value": "['xpath', '//section[contains(@class, \"BurgerConstructor_basket\")]']"}], "start": 1737863635791, "stop": 1737863635828}], "parameters": [{"name": "element_from", "value": "['xpath', './/*[@alt=\"Флюоресцентная булка R2-D3\"]']"}, {"name": "element_to", "value": "['xpath', '//section[contains(@class, \"BurgerConstructor_basket\")]']"}], "start": 1737863635490, "stop": 1737863639463}], "start": 1737863635489, "stop": 1737863639463}, {"name": "Клик на кнопку Оформить заказ", "status": "passed", "steps": [{"name": "Клик на элемент", "status": "passed", "parameters": [{"name": "locator", "value": "['xpath', '//button[text()=\"Оформить заказ\"]']"}], "start": 1737863639464, "stop": 1737863640348}], "start": 1737863639463, "stop": 1737863640348}, {"name": "Получение номера заказа с окна подтверждения заказа", "status": "broken", "statusDetails": {"message": "selenium.common.exceptions.TimeoutException: Message: \n\n", "trace": "  File \"C:\\Users\\Ольга\\Desktop\\Diplom_Olga_Semenova_12\\Diplom_3\\.venv\\Lib\\site-packages\\allure_commons\\_allure.py\", line 192, in impl\n    return func(*a, **kw)\n           ^^^^^^^^^^^^^^\n  File \"C:\\Users\\Ольга\\Desktop\\Diplom_Olga_Semenova_12\\Diplom_3\\pages\\main_page_methods.py\", line 69, in get_orders_number_from_confirmation_window\n    self.wait_for_element_to_change_text(MainPage.ORDERS_NUMBER_IN_CONFIRMATION_WINDOW, '9999')\n  File \"C:\\Users\\Ольга\\Desktop\\Diplom_Olga_Semenova_12\\Diplom_3\\.venv\\Lib\\site-packages\\allure_commons\\_allure.py\", line 192, in impl\n    return func(*a, **kw)\n           ^^^^^^^^^^^^^^\n  File \"C:\\Users\\Ольга\\Desktop\\Diplom_Olga_Semenova_12\\Diplom_3\\pages\\base_page_methods.py\", line 47, in wait_for_element_to_change_text\n    return WebDriverWait(self.driver, 120).until_not(EC.text_to_be_present_in_element(locator, value))\n           ^^^^^^^^^^^^^^^^^^^^^^^^^^^^^^^^^^^^^^^^^^^^^^^^^^^^^^^^^^^^^^^^^^^^^^^^^^^^^^^^^^^^^^^^^^^\n  File \"C:\\Users\\Ольга\\Desktop\\Diplom_Olga_Semenova_12\\Diplom_3\\.venv\\Lib\\site-packages\\selenium\\webdriver\\support\\wait.py\", line 195, in until_not\n    raise TimeoutException(message)\n"}, "steps": [{"name": "Подождать смены текста на элементе", "status": "broken", "statusDetails": {"message": "selenium.common.exceptions.TimeoutException: Message: \n\n", "trace": "  File \"C:\\Users\\Ольга\\Desktop\\Diplom_Olga_Semenova_12\\Diplom_3\\.venv\\Lib\\site-packages\\allure_commons\\_allure.py\", line 192, in impl\n    return func(*a, **kw)\n           ^^^^^^^^^^^^^^\n  File \"C:\\Users\\Ольга\\Desktop\\Diplom_Olga_Semenova_12\\Diplom_3\\pages\\base_page_methods.py\", line 47, in wait_for_element_to_change_text\n    return WebDriverWait(self.driver, 120).until_not(EC.text_to_be_present_in_element(locator, value))\n           ^^^^^^^^^^^^^^^^^^^^^^^^^^^^^^^^^^^^^^^^^^^^^^^^^^^^^^^^^^^^^^^^^^^^^^^^^^^^^^^^^^^^^^^^^^^\n  File \"C:\\Users\\Ольга\\Desktop\\Diplom_Olga_Semenova_12\\Diplom_3\\.venv\\Lib\\site-packages\\selenium\\webdriver\\support\\wait.py\", line 195, in until_not\n    raise TimeoutException(message)\n"}, "parameters": [{"name": "locator", "value": "['xpath', '//section[contains(@class, \"Modal_modal_opened\")]//h2']"}, {"name": "value", "value": "'9999'"}], "start": 1737863640348, "stop": 1737863760845}], "start": 1737863640348, "stop": 1737863760847}], "parameters": [{"name": "driver", "value": "'firefox'"}], "start": 1737863630263, "stop": 1737863760849, "uuid": "121bdfc9-abbd-459a-83ff-83dcc4c9081b", "historyId": "0cc6783e24fbf9c4a4cb2bf3c76346f8", "testCaseId": "5c8e0fd5ce881e7e7324b4b3df252d3d", "fullName": "tests.test_orders_line.TestOrdersLine#test_new_orders_number_appears_in_section_in_work", "labels": [{"name": "parentSuite", "value": "tests"}, {"name": "suite", "value": "test_orders_line"}, {"name": "subSuite", "value": "TestOrdersLine"}, {"name": "host", "value": "toshiba"}, {"name": "thread", "value": "6560-MainThread"}, {"name": "framework", "value": "pytest"}, {"name": "language", "value": "cpython3"}, {"name": "package", "value": "tests.test_orders_line"}]}