{"name": "Проверка появления номера нового заказа в разделе В работе", "status": "broken", "statusDetails": {"message": "selenium.common.exceptions.TimeoutException: Message:", "trace": "self = <tests.test_orders_line.TestOrdersLine object at 0x00000186E5DA0B60>\ndriver = (<selenium.webdriver.chrome.webdriver.WebDriver (session=\"1ac845b136aeb60958b7bf9cd7d76863\")>, 'chrome'), use_token = None\n\n    @allure.title('Проверка появления номера нового заказа в разделе В работе')\n    def test_new_orders_number_appears_in_section_in_work(self, driver, use_token):\n        driver_instance, driver_name = driver\n        main_page = MainPageMethods(driver_instance)\n        orders_line = OrdersLineMethods(driver_instance)\n        main_page.click_log_in_button(driver_name)\n        main_page.add_ingredient_to_basket()\n        main_page.click_make_order_button()\n        new_order = main_page.get_orders_number_from_confirmation_window()\n>       main_page.click_close_confirmation_window_button(driver_name)\n\ntests\\test_orders_line.py:75: \n_ _ _ _ _ _ _ _ _ _ _ _ _ _ _ _ _ _ _ _ _ _ _ _ _ _ _ _ _ _ _ _ _ _ _ _ _ _ _ _ _ _ _ _ _ _ _ _ _ _ _ _ _ _ _ _ _ _ _ _ _ _ _ _ _ _ _ _ _ _ _ _ _ _ _ _ _ _ _\npages\\main_page_methods.py:75: in click_close_confirmation_window_button\n    self.wait_for_element_to_disappear(MainPage.FIREFOX_MODAL_WINDOW)\npages\\base_page_methods.py:52: in wait_for_element_to_disappear\n    WebDriverWait(self.driver, 30).until(EC.invisibility_of_element_located(element))\n_ _ _ _ _ _ _ _ _ _ _ _ _ _ _ _ _ _ _ _ _ _ _ _ _ _ _ _ _ _ _ _ _ _ _ _ _ _ _ _ _ _ _ _ _ _ _ _ _ _ _ _ _ _ _ _ _ _ _ _ _ _ _ _ _ _ _ _ _ _ _ _ _ _ _ _ _ _ _\n\nself = <selenium.webdriver.support.wait.WebDriverWait (session=\"1ac845b136aeb60958b7bf9cd7d76863\")>\nmethod = <function invisibility_of_element_located.<locals>._predicate at 0x00000186E6284C20>, message = ''\n\n    def until(self, method: Callable[[D], Union[Literal[False], T]], message: str = \"\") -> T:\n        \"\"\"Wait until the method returns a value that is not False.\n    \n        Calls the method provided with the driver as an argument until the\n        return value does not evaluate to ``False``.\n    \n        Parameters:\n        ----------\n        method: callable(WebDriver)\n            - A callable object that takes a WebDriver instance as an argument.\n    \n        message: str\n            - Optional message for :exc:`TimeoutException`\n    \n        Return:\n        -------\n        object: T\n            - The result of the last call to `method`\n    \n        Raises:\n        -------\n        TimeoutException\n            - If 'method' does not return a truthy value within the WebDriverWait\n            object's timeout\n    \n        Example:\n        --------\n        >>> from selenium.webdriver.common.by import By\n        >>> from selenium.webdriver.support.ui import WebDriverWait\n        >>> from selenium.webdriver.support import expected_conditions as EC\n    \n        # Wait until an element is visible on the page\n        >>> wait = WebDriverWait(driver, 10)\n        >>> element = wait.until(EC.visibility_of_element_located((By.ID, \"exampleId\")))\n        >>> print(element.text)\n        \"\"\"\n        screen = None\n        stacktrace = None\n    \n        end_time = time.monotonic() + self._timeout\n        while True:\n            try:\n                value = method(self._driver)\n                if value:\n                    return value\n            except self._ignored_exceptions as exc:\n                screen = getattr(exc, \"screen\", None)\n                stacktrace = getattr(exc, \"stacktrace\", None)\n            if time.monotonic() > end_time:\n                break\n            time.sleep(self._poll)\n>       raise TimeoutException(message, screen, stacktrace)\nE       selenium.common.exceptions.TimeoutException: Message:\n\n.venv\\Lib\\site-packages\\selenium\\webdriver\\support\\wait.py:146: TimeoutException"}, "steps": [{"name": "Клик на кнопку Войти в аккаунт", "status": "passed", "steps": [{"name": "Подождать закрытия элемента", "status": "passed", "parameters": [{"name": "wait_locator", "value": "('xpath', \"//div[contains(@class, 'Modal_modal_overlay__x2ZCr')]\")"}], "start": 1737863546884, "stop": 1737863546959}, {"name": "Клик на элемент", "status": "passed", "parameters": [{"name": "locator", "value": "['xpath', '//button[text()=\"Войти в аккаунт\"]']"}], "start": 1737863546960, "stop": 1737863547403}], "parameters": [{"name": "driver_name", "value": "'chrome'"}], "start": 1737863546884, "stop": 1737863547403}, {"name": "Добавление ингредиента в корзину", "status": "passed", "steps": [{"name": "Передвинуть элемент", "status": "passed", "steps": [{"name": "Поиск элемента", "status": "passed", "parameters": [{"name": "locator", "value": "['xpath', './/*[@alt=\"Флюоресцентная булка R2-D3\"]']"}], "start": 1737863547404, "stop": 1737863547995}, {"name": "Поиск элемента", "status": "passed", "parameters": [{"name": "locator", "value": "['xpath', '//section[contains(@class, \"BurgerConstructor_basket\")]']"}], "start": 1737863547995, "stop": 1737863548045}], "parameters": [{"name": "element_from", "value": "['xpath', './/*[@alt=\"Флюоресцентная булка R2-D3\"]']"}, {"name": "element_to", "value": "['xpath', '//section[contains(@class, \"BurgerConstructor_basket\")]']"}], "start": 1737863547404, "stop": 1737863549850}], "start": 1737863547403, "stop": 1737863549850}, {"name": "Клик на кнопку Оформить заказ", "status": "passed", "steps": [{"name": "Клик на элемент", "status": "passed", "parameters": [{"name": "locator", "value": "['xpath', '//button[text()=\"Оформить заказ\"]']"}], "start": 1737863549850, "stop": 1737863550134}], "start": 1737863549850, "stop": 1737863550134}, {"name": "Получение номера заказа с окна подтверждения заказа", "status": "passed", "steps": [{"name": "Подождать смены текста на элементе", "status": "passed", "parameters": [{"name": "locator", "value": "['xpath', '//section[contains(@class, \"Modal_modal_opened\")]//h2']"}, {"name": "value", "value": "'9999'"}], "start": 1737863550135, "stop": 1737863550181}, {"name": "Получение текста с элемента", "status": "passed", "steps": [{"name": "Поиск элемента", "status": "passed", "parameters": [{"name": "locator", "value": "['xpath', '//section[contains(@class, \"Modal_modal_opened\")]//h2']"}], "start": 1737863550181, "stop": 1737863550332}], "parameters": [{"name": "locator", "value": "['xpath', '//section[contains(@class, \"Modal_modal_opened\")]//h2']"}], "start": 1737863550181, "stop": 1737863550352}], "start": 1737863550134, "stop": 1737863550352}, {"name": "Клик на кнопку закрытия окна подтверждения заказа", "status": "broken", "statusDetails": {"message": "selenium.common.exceptions.TimeoutException: Message: \n\n", "trace": "  File \"C:\\Users\\Ольга\\Desktop\\Diplom_Olga_Semenova_12\\Diplom_3\\.venv\\Lib\\site-packages\\allure_commons\\_allure.py\", line 192, in impl\n    return func(*a, **kw)\n           ^^^^^^^^^^^^^^\n  File \"C:\\Users\\Ольга\\Desktop\\Diplom_Olga_Semenova_12\\Diplom_3\\pages\\main_page_methods.py\", line 75, in click_close_confirmation_window_button\n    self.wait_for_element_to_disappear(MainPage.FIREFOX_MODAL_WINDOW)\n  File \"C:\\Users\\Ольга\\Desktop\\Diplom_Olga_Semenova_12\\Diplom_3\\.venv\\Lib\\site-packages\\allure_commons\\_allure.py\", line 192, in impl\n    return func(*a, **kw)\n           ^^^^^^^^^^^^^^\n  File \"C:\\Users\\Ольга\\Desktop\\Diplom_Olga_Semenova_12\\Diplom_3\\pages\\base_page_methods.py\", line 52, in wait_for_element_to_disappear\n    WebDriverWait(self.driver, 30).until(EC.invisibility_of_element_located(element))\n  File \"C:\\Users\\Ольга\\Desktop\\Diplom_Olga_Semenova_12\\Diplom_3\\.venv\\Lib\\site-packages\\selenium\\webdriver\\support\\wait.py\", line 146, in until\n    raise TimeoutException(message, screen, stacktrace)\n"}, "steps": [{"name": "Подождать закрытия элемента", "status": "broken", "statusDetails": {"message": "selenium.common.exceptions.TimeoutException: Message: \n\n", "trace": "  File \"C:\\Users\\Ольга\\Desktop\\Diplom_Olga_Semenova_12\\Diplom_3\\.venv\\Lib\\site-packages\\allure_commons\\_allure.py\", line 192, in impl\n    return func(*a, **kw)\n           ^^^^^^^^^^^^^^\n  File \"C:\\Users\\Ольга\\Desktop\\Diplom_Olga_Semenova_12\\Diplom_3\\pages\\base_page_methods.py\", line 52, in wait_for_element_to_disappear\n    WebDriverWait(self.driver, 30).until(EC.invisibility_of_element_located(element))\n  File \"C:\\Users\\Ольга\\Desktop\\Diplom_Olga_Semenova_12\\Diplom_3\\.venv\\Lib\\site-packages\\selenium\\webdriver\\support\\wait.py\", line 146, in until\n    raise TimeoutException(message, screen, stacktrace)\n"}, "parameters": [{"name": "wait_locator", "value": "('xpath', \"//div[contains(@class, 'Modal_modal_overlay__x2ZCr')]\")"}], "start": 1737863550352, "stop": 1737863580729}], "parameters": [{"name": "driver_name", "value": "'chrome'"}], "start": 1737863550352, "stop": 1737863580730}], "parameters": [{"name": "driver", "value": "'chrome'"}], "start": 1737863546884, "stop": 1737863580731, "uuid": "f7be35d6-ce08-489d-9da9-fb2cf71ab389", "historyId": "a265b8ef8be874aae333824831dbb22d", "testCaseId": "5c8e0fd5ce881e7e7324b4b3df252d3d", "fullName": "tests.test_orders_line.TestOrdersLine#test_new_orders_number_appears_in_section_in_work", "labels": [{"name": "parentSuite", "value": "tests"}, {"name": "suite", "value": "test_orders_line"}, {"name": "subSuite", "value": "TestOrdersLine"}, {"name": "host", "value": "toshiba"}, {"name": "thread", "value": "6560-MainThread"}, {"name": "framework", "value": "pytest"}, {"name": "language", "value": "cpython3"}, {"name": "package", "value": "tests.test_orders_line"}]}