{"name": "Проверка увеличения числа заказов в разделе Выполнено за сегодня после нового заказа", "status": "broken", "statusDetails": {"message": "selenium.common.exceptions.ElementClickInterceptedException: Message: Element <button class=\"Modal_modal__close_modified__3V5XS Modal_modal__close__TnseK\" type=\"button\"> is not clickable at point (985,66) because another element <div class=\"Modal_modal_overlay__x2ZCr\"> obscures it\nStacktrace:\nRemoteError@chrome://remote/content/shared/RemoteError.sys.mjs:8:8\nWebDriverError@chrome://remote/content/shared/webdriver/Errors.sys.mjs:193:5\nElementClickInterceptedError@chrome://remote/content/shared/webdriver/Errors.sys.mjs:337:5\nwebdriverClickElement@chrome://remote/content/marionette/interaction.sys.mjs:177:11\ninteraction.clickElement@chrome://remote/content/marionette/interaction.sys.mjs:136:11\nclickElement@chrome://remote/content/marionette/actors/MarionetteCommandsChild.sys.mjs:344:29\nreceiveMessage@chrome://remote/content/marionette/actors/MarionetteCommandsChild.sys.mjs:220:31", "trace": "self = <tests.test_orders_line.TestOrdersLine object at 0x00000186E5DA08C0>\ndriver = (<selenium.webdriver.firefox.webdriver.WebDriver (session=\"41d86e50-57bc-4e3e-bee4-c4acd29439ef\")>, 'firefox'), use_token = None\n\n    @allure.title('Проверка увеличения числа заказов в разделе Выполнено за сегодня после нового заказа')\n    def test_increase_number_in_done_for_today(self, driver, use_token):\n        driver_instance, driver_name = driver\n        main_page = MainPageMethods(driver_instance)\n        orders_line = OrdersLineMethods(driver_instance)\n        main_page.click_orders_line_button(driver_name)\n        quantity_before_new_order = orders_line.get_orders_quantity_for_today()\n        main_page.click_constructor_button()\n        main_page.click_log_in_button(driver_name)\n        main_page.add_ingredient_to_basket()\n        main_page.click_make_order_button()\n>       main_page.click_close_confirmation_window_button(driver_name)\n\ntests\\test_orders_line.py:60: \n_ _ _ _ _ _ _ _ _ _ _ _ _ _ _ _ _ _ _ _ _ _ _ _ _ _ _ _ _ _ _ _ _ _ _ _ _ _ _ _ _ _ _ _ _ _ _ _ _ _ _ _ _ _ _ _ _ _ _ _ _ _ _ _ _ _ _ _ _ _ _ _ _ _ _ _ _ _ _\npages\\main_page_methods.py:78: in click_close_confirmation_window_button\n    self.click_the_element(MainPage.CLOSE_WINDOW_BUTTON)\npages\\base_page_methods.py:21: in click_the_element\n    self.driver.find_element(*locator).click()\n.venv\\Lib\\site-packages\\selenium\\webdriver\\remote\\webelement.py:119: in click\n    self._execute(Command.CLICK_ELEMENT)\n.venv\\Lib\\site-packages\\selenium\\webdriver\\remote\\webelement.py:570: in _execute\n    return self._parent.execute(command, params)\n.venv\\Lib\\site-packages\\selenium\\webdriver\\remote\\webdriver.py:429: in execute\n    self.error_handler.check_response(response)\n_ _ _ _ _ _ _ _ _ _ _ _ _ _ _ _ _ _ _ _ _ _ _ _ _ _ _ _ _ _ _ _ _ _ _ _ _ _ _ _ _ _ _ _ _ _ _ _ _ _ _ _ _ _ _ _ _ _ _ _ _ _ _ _ _ _ _ _ _ _ _ _ _ _ _ _ _ _ _\n\nself = <selenium.webdriver.remote.errorhandler.ErrorHandler object at 0x00000186E62C9700>\nresponse = {'status': 400, 'value': '{\"value\":{\"error\":\"element click intercepted\",\"message\":\"Element <button class=\\\\\"Modal_moda...ys.mjs:344:29\\\\nreceiveMessage@chrome://remote/content/marionette/actors/MarionetteCommandsChild.sys.mjs:220:31\\\\n\"}}'}\n\n    def check_response(self, response: Dict[str, Any]) -> None:\n        \"\"\"Checks that a JSON response from the WebDriver does not have an\n        error.\n    \n        :Args:\n         - response - The JSON response from the WebDriver server as a dictionary\n           object.\n    \n        :Raises: If the response contains an error message.\n        \"\"\"\n        status = response.get(\"status\", None)\n        if not status or status == ErrorCode.SUCCESS:\n            return\n        value = None\n        message = response.get(\"message\", \"\")\n        screen: str = response.get(\"screen\", \"\")\n        stacktrace = None\n        if isinstance(status, int):\n            value_json = response.get(\"value\", None)\n            if value_json and isinstance(value_json, str):\n                import json\n    \n                try:\n                    value = json.loads(value_json)\n                    if len(value) == 1:\n                        value = value[\"value\"]\n                    status = value.get(\"error\", None)\n                    if not status:\n                        status = value.get(\"status\", ErrorCode.UNKNOWN_ERROR)\n                        message = value.get(\"value\") or value.get(\"message\")\n                        if not isinstance(message, str):\n                            value = message\n                            message = message.get(\"message\")\n                    else:\n                        message = value.get(\"message\", None)\n                except ValueError:\n                    pass\n    \n        exception_class: Type[WebDriverException]\n        e = ErrorCode()\n        error_codes = [item for item in dir(e) if not item.startswith(\"__\")]\n        for error_code in error_codes:\n            error_info = getattr(ErrorCode, error_code)\n            if isinstance(error_info, list) and status in error_info:\n                exception_class = getattr(ExceptionMapping, error_code, WebDriverException)\n                break\n        else:\n            exception_class = WebDriverException\n    \n        if not value:\n            value = response[\"value\"]\n        if isinstance(value, str):\n            raise exception_class(value)\n        if message == \"\" and \"message\" in value:\n            message = value[\"message\"]\n    \n        screen = None  # type: ignore[assignment]\n        if \"screen\" in value:\n            screen = value[\"screen\"]\n    \n        stacktrace = None\n        st_value = value.get(\"stackTrace\") or value.get(\"stacktrace\")\n        if st_value:\n            if isinstance(st_value, str):\n                stacktrace = st_value.split(\"\\n\")\n            else:\n                stacktrace = []\n                try:\n                    for frame in st_value:\n                        line = frame.get(\"lineNumber\", \"\")\n                        file = frame.get(\"fileName\", \"<anonymous>\")\n                        if line:\n                            file = f\"{file}:{line}\"\n                        meth = frame.get(\"methodName\", \"<anonymous>\")\n                        if \"className\" in frame:\n                            meth = f\"{frame['className']}.{meth}\"\n                        msg = \"    at %s (%s)\"\n                        msg = msg % (meth, file)\n                        stacktrace.append(msg)\n                except TypeError:\n                    pass\n        if exception_class == UnexpectedAlertPresentException:\n            alert_text = None\n            if \"data\" in value:\n                alert_text = value[\"data\"].get(\"text\")\n            elif \"alert\" in value:\n                alert_text = value[\"alert\"].get(\"text\")\n            raise exception_class(message, screen, stacktrace, alert_text)  # type: ignore[call-arg]  # mypy is not smart enough here\n>       raise exception_class(message, screen, stacktrace)\nE       selenium.common.exceptions.ElementClickInterceptedException: Message: Element <button class=\"Modal_modal__close_modified__3V5XS Modal_modal__close__TnseK\" type=\"button\"> is not clickable at point (985,66) because another element <div class=\"Modal_modal_overlay__x2ZCr\"> obscures it\nE       Stacktrace:\nE       RemoteError@chrome://remote/content/shared/RemoteError.sys.mjs:8:8\nE       WebDriverError@chrome://remote/content/shared/webdriver/Errors.sys.mjs:193:5\nE       ElementClickInterceptedError@chrome://remote/content/shared/webdriver/Errors.sys.mjs:337:5\nE       webdriverClickElement@chrome://remote/content/marionette/interaction.sys.mjs:177:11\nE       interaction.clickElement@chrome://remote/content/marionette/interaction.sys.mjs:136:11\nE       clickElement@chrome://remote/content/marionette/actors/MarionetteCommandsChild.sys.mjs:344:29\nE       receiveMessage@chrome://remote/content/marionette/actors/MarionetteCommandsChild.sys.mjs:220:31\n\n.venv\\Lib\\site-packages\\selenium\\webdriver\\remote\\errorhandler.py:232: ElementClickInterceptedException"}, "steps": [{"name": "Клик на кнопку Лента Заказов", "status": "passed", "steps": [{"name": "Клик на элемент", "status": "passed", "parameters": [{"name": "locator", "value": "['xpath', '//p[text()=\"Лента Заказов\"]']"}], "start": 1737863502461, "stop": 1737863506500}], "parameters": [{"name": "driver_name", "value": "'firefox'"}], "start": 1737863502461, "stop": 1737863506501}, {"name": "Получение количества заказов за сегодня", "status": "passed", "steps": [{"name": "Получение текста с элемента", "status": "passed", "steps": [{"name": "Поиск элемента", "status": "passed", "parameters": [{"name": "locator", "value": "['xpath', '//p[text()=\"Выполнено за сегодня:\"]/following-sibling::p']"}], "start": 1737863506502, "stop": 1737863508976}], "parameters": [{"name": "locator", "value": "['xpath', '//p[text()=\"Выполнено за сегодня:\"]/following-sibling::p']"}], "start": 1737863506502, "stop": 1737863509343}], "start": 1737863506501, "stop": 1737863509343}, {"name": "Клик на кнопку Конструктор", "status": "passed", "steps": [{"name": "Клик на элемент", "status": "passed", "parameters": [{"name": "locator", "value": "['xpath', './/p[text()=\"Конструктор\"]']"}], "start": 1737863509343, "stop": 1737863509670}], "start": 1737863509343, "stop": 1737863509671}, {"name": "Клик на кнопку Войти в аккаунт", "status": "passed", "steps": [{"name": "Клик на элемент", "status": "passed", "parameters": [{"name": "locator", "value": "['xpath', '//button[text()=\"Войти в аккаунт\"]']"}], "start": 1737863509671, "stop": 1737863513305}], "parameters": [{"name": "driver_name", "value": "'firefox'"}], "start": 1737863509671, "stop": 1737863513305}, {"name": "Добавление ингредиента в корзину", "status": "passed", "steps": [{"name": "Передвинуть элемент", "status": "passed", "steps": [{"name": "Поиск элемента", "status": "passed", "parameters": [{"name": "locator", "value": "['xpath', './/*[@alt=\"Флюоресцентная булка R2-D3\"]']"}], "start": 1737863513306, "stop": 1737863513571}, {"name": "Поиск элемента", "status": "passed", "parameters": [{"name": "locator", "value": "['xpath', '//section[contains(@class, \"BurgerConstructor_basket\")]']"}], "start": 1737863513572, "stop": 1737863513606}], "parameters": [{"name": "element_from", "value": "['xpath', './/*[@alt=\"Флюоресцентная булка R2-D3\"]']"}, {"name": "element_to", "value": "['xpath', '//section[contains(@class, \"BurgerConstructor_basket\")]']"}], "start": 1737863513305, "stop": 1737863516491}], "start": 1737863513305, "stop": 1737863516491}, {"name": "Клик на кнопку Оформить заказ", "status": "passed", "steps": [{"name": "Клик на элемент", "status": "passed", "parameters": [{"name": "locator", "value": "['xpath', '//button[text()=\"Оформить заказ\"]']"}], "start": 1737863516491, "stop": 1737863517152}], "start": 1737863516491, "stop": 1737863517152}, {"name": "Клик на кнопку закрытия окна подтверждения заказа", "status": "broken", "statusDetails": {"message": "selenium.common.exceptions.ElementClickInterceptedException: Message: Element <button class=\"Modal_modal__close_modified__3V5XS Modal_modal__close__TnseK\" type=\"button\"> is not clickable at point (985,66) because another element <div class=\"Modal_modal_overlay__x2ZCr\"> obscures it\nStacktrace:\nRemoteError@chrome://remote/content/shared/RemoteError.sys.mjs:8:8\nWebDriverError@chrome://remote/content/shared/webdriver/Errors.sys.mjs:193:5\nElementClickInterceptedError@chrome://remote/content/shared/webdriver/Errors.sys.mjs:337:5\nwebdriverClickElement@chrome://remote/content/marionette/interaction.sys.mjs:177:11\ninteraction.clickElement@chrome://remote/content/marionette/interaction.sys.mjs:136:11\nclickElement@chrome://remote/content/marionette/actors/MarionetteCommandsChild.sys.mjs:344:29\nreceiveMessage@chrome://remote/content/marionette/actors/MarionetteCommandsChild.sys.mjs:220:31\n\n", "trace": "  File \"C:\\Users\\Ольга\\Desktop\\Diplom_Olga_Semenova_12\\Diplom_3\\.venv\\Lib\\site-packages\\allure_commons\\_allure.py\", line 192, in impl\n    return func(*a, **kw)\n           ^^^^^^^^^^^^^^\n  File \"C:\\Users\\Ольга\\Desktop\\Diplom_Olga_Semenova_12\\Diplom_3\\pages\\main_page_methods.py\", line 78, in click_close_confirmation_window_button\n    self.click_the_element(MainPage.CLOSE_WINDOW_BUTTON)\n  File \"C:\\Users\\Ольга\\Desktop\\Diplom_Olga_Semenova_12\\Diplom_3\\.venv\\Lib\\site-packages\\allure_commons\\_allure.py\", line 192, in impl\n    return func(*a, **kw)\n           ^^^^^^^^^^^^^^\n  File \"C:\\Users\\Ольга\\Desktop\\Diplom_Olga_Semenova_12\\Diplom_3\\pages\\base_page_methods.py\", line 21, in click_the_element\n    self.driver.find_element(*locator).click()\n  File \"C:\\Users\\Ольга\\Desktop\\Diplom_Olga_Semenova_12\\Diplom_3\\.venv\\Lib\\site-packages\\selenium\\webdriver\\remote\\webelement.py\", line 119, in click\n    self._execute(Command.CLICK_ELEMENT)\n  File \"C:\\Users\\Ольга\\Desktop\\Diplom_Olga_Semenova_12\\Diplom_3\\.venv\\Lib\\site-packages\\selenium\\webdriver\\remote\\webelement.py\", line 570, in _execute\n    return self._parent.execute(command, params)\n           ^^^^^^^^^^^^^^^^^^^^^^^^^^^^^^^^^^^^^\n  File \"C:\\Users\\Ольга\\Desktop\\Diplom_Olga_Semenova_12\\Diplom_3\\.venv\\Lib\\site-packages\\selenium\\webdriver\\remote\\webdriver.py\", line 429, in execute\n    self.error_handler.check_response(response)\n  File \"C:\\Users\\Ольга\\Desktop\\Diplom_Olga_Semenova_12\\Diplom_3\\.venv\\Lib\\site-packages\\selenium\\webdriver\\remote\\errorhandler.py\", line 232, in check_response\n    raise exception_class(message, screen, stacktrace)\n"}, "steps": [{"name": "Клик на элемент", "status": "broken", "statusDetails": {"message": "selenium.common.exceptions.ElementClickInterceptedException: Message: Element <button class=\"Modal_modal__close_modified__3V5XS Modal_modal__close__TnseK\" type=\"button\"> is not clickable at point (985,66) because another element <div class=\"Modal_modal_overlay__x2ZCr\"> obscures it\nStacktrace:\nRemoteError@chrome://remote/content/shared/RemoteError.sys.mjs:8:8\nWebDriverError@chrome://remote/content/shared/webdriver/Errors.sys.mjs:193:5\nElementClickInterceptedError@chrome://remote/content/shared/webdriver/Errors.sys.mjs:337:5\nwebdriverClickElement@chrome://remote/content/marionette/interaction.sys.mjs:177:11\ninteraction.clickElement@chrome://remote/content/marionette/interaction.sys.mjs:136:11\nclickElement@chrome://remote/content/marionette/actors/MarionetteCommandsChild.sys.mjs:344:29\nreceiveMessage@chrome://remote/content/marionette/actors/MarionetteCommandsChild.sys.mjs:220:31\n\n", "trace": "  File \"C:\\Users\\Ольга\\Desktop\\Diplom_Olga_Semenova_12\\Diplom_3\\.venv\\Lib\\site-packages\\allure_commons\\_allure.py\", line 192, in impl\n    return func(*a, **kw)\n           ^^^^^^^^^^^^^^\n  File \"C:\\Users\\Ольга\\Desktop\\Diplom_Olga_Semenova_12\\Diplom_3\\pages\\base_page_methods.py\", line 21, in click_the_element\n    self.driver.find_element(*locator).click()\n  File \"C:\\Users\\Ольга\\Desktop\\Diplom_Olga_Semenova_12\\Diplom_3\\.venv\\Lib\\site-packages\\selenium\\webdriver\\remote\\webelement.py\", line 119, in click\n    self._execute(Command.CLICK_ELEMENT)\n  File \"C:\\Users\\Ольга\\Desktop\\Diplom_Olga_Semenova_12\\Diplom_3\\.venv\\Lib\\site-packages\\selenium\\webdriver\\remote\\webelement.py\", line 570, in _execute\n    return self._parent.execute(command, params)\n           ^^^^^^^^^^^^^^^^^^^^^^^^^^^^^^^^^^^^^\n  File \"C:\\Users\\Ольга\\Desktop\\Diplom_Olga_Semenova_12\\Diplom_3\\.venv\\Lib\\site-packages\\selenium\\webdriver\\remote\\webdriver.py\", line 429, in execute\n    self.error_handler.check_response(response)\n  File \"C:\\Users\\Ольга\\Desktop\\Diplom_Olga_Semenova_12\\Diplom_3\\.venv\\Lib\\site-packages\\selenium\\webdriver\\remote\\errorhandler.py\", line 232, in check_response\n    raise exception_class(message, screen, stacktrace)\n"}, "parameters": [{"name": "locator", "value": "['xpath', '//section[contains(@class, \"Modal_modal_opened\")]//button[contains(@class, \"close\")]']"}], "start": 1737863517153, "stop": 1737863517496}], "parameters": [{"name": "driver_name", "value": "'firefox'"}], "start": 1737863517153, "stop": 1737863517501}], "parameters": [{"name": "driver", "value": "'firefox'"}], "start": 1737863502461, "stop": 1737863517504, "uuid": "308e7550-75c7-45d7-94c4-cba326cb0e6d", "historyId": "3c51b51009e3cd8ea8458e3b3676bafa", "testCaseId": "45a9616786c3441a746b322efa35d64e", "fullName": "tests.test_orders_line.TestOrdersLine#test_increase_number_in_done_for_today", "labels": [{"name": "parentSuite", "value": "tests"}, {"name": "suite", "value": "test_orders_line"}, {"name": "subSuite", "value": "TestOrdersLine"}, {"name": "host", "value": "toshiba"}, {"name": "thread", "value": "6560-MainThread"}, {"name": "framework", "value": "pytest"}, {"name": "language", "value": "cpython3"}, {"name": "package", "value": "tests.test_orders_line"}]}