{"name": "Проверка увеличения числа заказов в разделе Выполнено за всё время после нового заказа", "status": "broken", "statusDetails": {"message": "selenium.common.exceptions.TimeoutException: Message:", "trace": "self = <tests.test_orders_line.TestOrdersLine object at 0x00000186E5D7A4E0>\ndriver = (<selenium.webdriver.chrome.webdriver.WebDriver (session=\"f0f1a4401e5f7c5f6ac2af921cd764ed\")>, 'chrome'), use_token = None\n\n    @allure.title('Проверка увеличения числа заказов в разделе Выполнено за всё время после нового заказа')\n    def test_increase_number_in_done_for_all_time(self, driver, use_token):\n        driver_instance, driver_name = driver\n        main_page = MainPageMethods(driver_instance)\n        orders_line = OrdersLineMethods(driver_instance)\n        main_page.click_orders_line_button(driver_name)\n        quantity_before_new_order = orders_line.get_orders_quantity_for_all_time()\n        main_page.click_constructor_button()\n        main_page.click_log_in_button(driver_name)\n        main_page.add_ingredient_to_basket()\n        main_page.click_make_order_button()\n>       main_page.click_close_confirmation_window_button(driver_name)\n\ntests\\test_orders_line.py:43: \n_ _ _ _ _ _ _ _ _ _ _ _ _ _ _ _ _ _ _ _ _ _ _ _ _ _ _ _ _ _ _ _ _ _ _ _ _ _ _ _ _ _ _ _ _ _ _ _ _ _ _ _ _ _ _ _ _ _ _ _ _ _ _ _ _ _ _ _ _ _ _ _ _ _ _ _ _ _ _\npages\\main_page_methods.py:75: in click_close_confirmation_window_button\n    self.wait_for_element_to_disappear(MainPage.FIREFOX_MODAL_WINDOW)\npages\\base_page_methods.py:52: in wait_for_element_to_disappear\n    WebDriverWait(self.driver, 30).until(EC.invisibility_of_element_located(element))\n_ _ _ _ _ _ _ _ _ _ _ _ _ _ _ _ _ _ _ _ _ _ _ _ _ _ _ _ _ _ _ _ _ _ _ _ _ _ _ _ _ _ _ _ _ _ _ _ _ _ _ _ _ _ _ _ _ _ _ _ _ _ _ _ _ _ _ _ _ _ _ _ _ _ _ _ _ _ _\n\nself = <selenium.webdriver.support.wait.WebDriverWait (session=\"f0f1a4401e5f7c5f6ac2af921cd764ed\")>\nmethod = <function invisibility_of_element_located.<locals>._predicate at 0x00000186E6275440>, message = ''\n\n    def until(self, method: Callable[[D], Union[Literal[False], T]], message: str = \"\") -> T:\n        \"\"\"Wait until the method returns a value that is not False.\n    \n        Calls the method provided with the driver as an argument until the\n        return value does not evaluate to ``False``.\n    \n        Parameters:\n        ----------\n        method: callable(WebDriver)\n            - A callable object that takes a WebDriver instance as an argument.\n    \n        message: str\n            - Optional message for :exc:`TimeoutException`\n    \n        Return:\n        -------\n        object: T\n            - The result of the last call to `method`\n    \n        Raises:\n        -------\n        TimeoutException\n            - If 'method' does not return a truthy value within the WebDriverWait\n            object's timeout\n    \n        Example:\n        --------\n        >>> from selenium.webdriver.common.by import By\n        >>> from selenium.webdriver.support.ui import WebDriverWait\n        >>> from selenium.webdriver.support import expected_conditions as EC\n    \n        # Wait until an element is visible on the page\n        >>> wait = WebDriverWait(driver, 10)\n        >>> element = wait.until(EC.visibility_of_element_located((By.ID, \"exampleId\")))\n        >>> print(element.text)\n        \"\"\"\n        screen = None\n        stacktrace = None\n    \n        end_time = time.monotonic() + self._timeout\n        while True:\n            try:\n                value = method(self._driver)\n                if value:\n                    return value\n            except self._ignored_exceptions as exc:\n                screen = getattr(exc, \"screen\", None)\n                stacktrace = getattr(exc, \"stacktrace\", None)\n            if time.monotonic() > end_time:\n                break\n            time.sleep(self._poll)\n>       raise TimeoutException(message, screen, stacktrace)\nE       selenium.common.exceptions.TimeoutException: Message:\n\n.venv\\Lib\\site-packages\\selenium\\webdriver\\support\\wait.py:146: TimeoutException"}, "steps": [{"name": "Клик на кнопку Лента Заказов", "status": "passed", "steps": [{"name": "Подождать закрытия элемента", "status": "passed", "parameters": [{"name": "wait_locator", "value": "('xpath', \"//div[contains(@class, 'Modal_modal_overlay__x2ZCr')]\")"}], "start": 1737863268363, "stop": 1737863268416}, {"name": "Клик на элемент", "status": "passed", "parameters": [{"name": "locator", "value": "['xpath', '//p[text()=\"Лента Заказов\"]']"}], "start": 1737863268416, "stop": 1737863268916}], "parameters": [{"name": "driver_name", "value": "'chrome'"}], "start": 1737863268363, "stop": 1737863268916}, {"name": "Получение количества заказов за всё время", "status": "passed", "steps": [{"name": "Получение текста с элемента", "status": "passed", "steps": [{"name": "Поиск элемента", "status": "passed", "parameters": [{"name": "locator", "value": "['xpath', '//p[text()=\"Выполнено за все время:\"]/following-sibling::p']"}], "start": 1737863268917, "stop": 1737863270008}], "parameters": [{"name": "locator", "value": "['xpath', '//p[text()=\"Выполнено за все время:\"]/following-sibling::p']"}], "start": 1737863268916, "stop": 1737863270032}], "start": 1737863268916, "stop": 1737863270032}, {"name": "Клик на кнопку Конструктор", "status": "passed", "steps": [{"name": "Клик на элемент", "status": "passed", "parameters": [{"name": "locator", "value": "['xpath', './/p[text()=\"Конструктор\"]']"}], "start": 1737863270032, "stop": 1737863270251}], "start": 1737863270032, "stop": 1737863270251}, {"name": "Клик на кнопку Войти в аккаунт", "status": "passed", "steps": [{"name": "Подождать закрытия элемента", "status": "passed", "parameters": [{"name": "wait_locator", "value": "('xpath', \"//div[contains(@class, 'Modal_modal_overlay__x2ZCr')]\")"}], "start": 1737863270252, "stop": 1737863270283}, {"name": "Клик на элемент", "status": "passed", "parameters": [{"name": "locator", "value": "['xpath', '//button[text()=\"Войти в аккаунт\"]']"}], "start": 1737863270283, "stop": 1737863271307}], "parameters": [{"name": "driver_name", "value": "'chrome'"}], "start": 1737863270252, "stop": 1737863271307}, {"name": "Добавление ингредиента в корзину", "status": "passed", "steps": [{"name": "Передвинуть элемент", "status": "passed", "steps": [{"name": "Поиск элемента", "status": "passed", "parameters": [{"name": "locator", "value": "['xpath', './/*[@alt=\"Флюоресцентная булка R2-D3\"]']"}], "start": 1737863271307, "stop": 1737863272060}, {"name": "Поиск элемента", "status": "passed", "parameters": [{"name": "locator", "value": "['xpath', '//section[contains(@class, \"BurgerConstructor_basket\")]']"}], "start": 1737863272060, "stop": 1737863272110}], "parameters": [{"name": "element_from", "value": "['xpath', './/*[@alt=\"Флюоресцентная булка R2-D3\"]']"}, {"name": "element_to", "value": "['xpath', '//section[contains(@class, \"BurgerConstructor_basket\")]']"}], "start": 1737863271307, "stop": 1737863275348}], "start": 1737863271307, "stop": 1737863275348}, {"name": "Клик на кнопку Оформить заказ", "status": "passed", "steps": [{"name": "Клик на элемент", "status": "passed", "parameters": [{"name": "locator", "value": "['xpath', '//button[text()=\"Оформить заказ\"]']"}], "start": 1737863275349, "stop": 1737863275644}], "start": 1737863275348, "stop": 1737863275644}, {"name": "Клик на кнопку закрытия окна подтверждения заказа", "status": "broken", "statusDetails": {"message": "selenium.common.exceptions.TimeoutException: Message: \n\n", "trace": "  File \"C:\\Users\\Ольга\\Desktop\\Diplom_Olga_Semenova_12\\Diplom_3\\.venv\\Lib\\site-packages\\allure_commons\\_allure.py\", line 192, in impl\n    return func(*a, **kw)\n           ^^^^^^^^^^^^^^\n  File \"C:\\Users\\Ольга\\Desktop\\Diplom_Olga_Semenova_12\\Diplom_3\\pages\\main_page_methods.py\", line 75, in click_close_confirmation_window_button\n    self.wait_for_element_to_disappear(MainPage.FIREFOX_MODAL_WINDOW)\n  File \"C:\\Users\\Ольга\\Desktop\\Diplom_Olga_Semenova_12\\Diplom_3\\.venv\\Lib\\site-packages\\allure_commons\\_allure.py\", line 192, in impl\n    return func(*a, **kw)\n           ^^^^^^^^^^^^^^\n  File \"C:\\Users\\Ольга\\Desktop\\Diplom_Olga_Semenova_12\\Diplom_3\\pages\\base_page_methods.py\", line 52, in wait_for_element_to_disappear\n    WebDriverWait(self.driver, 30).until(EC.invisibility_of_element_located(element))\n  File \"C:\\Users\\Ольга\\Desktop\\Diplom_Olga_Semenova_12\\Diplom_3\\.venv\\Lib\\site-packages\\selenium\\webdriver\\support\\wait.py\", line 146, in until\n    raise TimeoutException(message, screen, stacktrace)\n"}, "steps": [{"name": "Подождать закрытия элемента", "status": "broken", "statusDetails": {"message": "selenium.common.exceptions.TimeoutException: Message: \n\n", "trace": "  File \"C:\\Users\\Ольга\\Desktop\\Diplom_Olga_Semenova_12\\Diplom_3\\.venv\\Lib\\site-packages\\allure_commons\\_allure.py\", line 192, in impl\n    return func(*a, **kw)\n           ^^^^^^^^^^^^^^\n  File \"C:\\Users\\Ольга\\Desktop\\Diplom_Olga_Semenova_12\\Diplom_3\\pages\\base_page_methods.py\", line 52, in wait_for_element_to_disappear\n    WebDriverWait(self.driver, 30).until(EC.invisibility_of_element_located(element))\n  File \"C:\\Users\\Ольга\\Desktop\\Diplom_Olga_Semenova_12\\Diplom_3\\.venv\\Lib\\site-packages\\selenium\\webdriver\\support\\wait.py\", line 146, in until\n    raise TimeoutException(message, screen, stacktrace)\n"}, "parameters": [{"name": "wait_locator", "value": "('xpath', \"//div[contains(@class, 'Modal_modal_overlay__x2ZCr')]\")"}], "start": 1737863275644, "stop": 1737863305699}], "parameters": [{"name": "driver_name", "value": "'chrome'"}], "start": 1737863275644, "stop": 1737863305700}], "parameters": [{"name": "driver", "value": "'chrome'"}], "start": 1737863268362, "stop": 1737863305702, "uuid": "6c1b1541-2f4e-4c9f-b0b2-9310054b2af1", "historyId": "2f527d266ff9079b8405ccb806471584", "testCaseId": "1ebf27019cd763ecbdff14eb4d20f3e5", "fullName": "tests.test_orders_line.TestOrdersLine#test_increase_number_in_done_for_all_time", "labels": [{"name": "parentSuite", "value": "tests"}, {"name": "suite", "value": "test_orders_line"}, {"name": "subSuite", "value": "TestOrdersLine"}, {"name": "host", "value": "toshiba"}, {"name": "thread", "value": "6560-MainThread"}, {"name": "framework", "value": "pytest"}, {"name": "language", "value": "cpython3"}, {"name": "package", "value": "tests.test_orders_line"}]}